<?xml version="1.0" encoding="UTF-8"?>
<!-- Generated by org.testng.reporters.JUnitXMLReporter -->
<testsuite ignored="2" hostname="niveus-HP-EliteBook-820-G3" failures="0" tests="1" name="Default test" time="19.557" errors="0" timestamp="2021-09-30T20:19:13 IST">
  <testcase classname="com.niveus.afya.testcase.LoginPageTest" name="loginPageTitleTest" time="2.064"/>
  <testcase classname="com.niveus.afya.testcase.LoginPageTest" name="loginTest" time="0.0">
    <ignored/>
  </testcase> <!-- loginTest -->
  <testcase classname="com.niveus.afya.testcase.LoginPageTest" name="loginPagelabelTest" time="0.0">
    <ignored/>
  </testcase> <!-- loginPagelabelTest -->
</testsuite> <!-- Default test -->
