<?xml version="1.0" encoding="UTF-8"?>
<!-- Generated by org.testng.reporters.JUnitXMLReporter -->
<testsuite ignored="1" hostname="niveus-HP-EliteBook-820-G3" failures="0" tests="2" name="Default test" time="29.383" errors="0" timestamp="2021-09-30T16:33:55 IST">
  <testcase classname="com.niveus.afya.testcase.LoginPageTest" name="loginPageTitleTest" time="2.033"/>
  <testcase classname="com.niveus.afya.testcase.LoginPageTest" name="loginPagelabelTest" time="1.669"/>
  <testcase classname="com.niveus.afya.testcase.LoginPageTest" name="loginTest" time="0.0">
    <ignored/>
  </testcase> <!-- loginTest -->
</testsuite> <!-- Default test -->
