<?xml version="1.0" encoding="UTF-8"?>
<testng-results ignored="2" total="3" passed="1" failed="0" skipped="0">
  <reporter-output>
    <line>
      <![CDATA[loginPagelabelTest method is running]]>
    </line>
  </reporter-output>
  <suite started-at="2021-08-23T20:48:22 IST" name="Default suite" finished-at="2021-08-23T20:48:35 IST" duration-ms="13365">
    <groups>
    </groups>
    <test started-at="2021-08-23T20:48:22 IST" name="Default test" finished-at="2021-08-23T20:48:35 IST" duration-ms="13365">
      <class name="com.niveus.afya.testcase.LoginPageTest">
        <test-method is-config="true" signature="setUp()[pri:0, instance:com.niveus.afya.testcase.LoginPageTest@3c130745]" started-at="2021-08-23T20:48:22 IST" name="setUp" finished-at="2021-08-23T20:48:33 IST" duration-ms="11544" status="PASS">
          <reporter-output>
          </reporter-output>
        </test-method> <!-- setUp -->
        <test-method signature="loginPagelabelTest()[pri:0, instance:com.niveus.afya.testcase.LoginPageTest@3c130745]" started-at="2021-08-23T20:48:33 IST" name="loginPagelabelTest" finished-at="2021-08-23T20:48:35 IST" duration-ms="1684" status="PASS">
          <reporter-output>
            <line>
              <![CDATA[loginPagelabelTest method is running]]>
            </line>
          </reporter-output>
        </test-method> <!-- loginPagelabelTest -->
        <test-method is-config="true" signature="tearDown()[pri:0, instance:com.niveus.afya.testcase.LoginPageTest@3c130745]" started-at="2021-08-23T20:48:35 IST" name="tearDown" finished-at="2021-08-23T20:48:35 IST" duration-ms="79" status="PASS">
          <reporter-output>
          </reporter-output>
        </test-method> <!-- tearDown -->
        <test-method is-config="true" signature="flushReport()[pri:0, instance:com.niveus.afya.testcase.LoginPageTest@3c130745]" started-at="2021-08-23T20:48:35 IST" name="flushReport" finished-at="2021-08-23T20:50:38 IST" duration-ms="122595" status="PASS">
          <reporter-output>
          </reporter-output>
        </test-method> <!-- flushReport -->
      </class> <!-- com.niveus.afya.testcase.LoginPageTest -->
    </test> <!-- Default test -->
  </suite> <!-- Default suite -->
</testng-results>
