<?xml version="1.0" encoding="UTF-8"?>
<!-- Generated by org.testng.reporters.JUnitXMLReporter -->
<testsuite ignored="1" hostname="niveus-HP-EliteBook-820-G3" failures="0" tests="2" name="Regression" time="32.969" errors="0" timestamp="2021-10-01T17:08:00 IST">
  <testcase classname="com.niveus.afya.testcase.LoginPageTest" name="loginPageTitleTest" time="2.041"/>
  <testcase classname="com.niveus.afya.testcase.LoginPageTest" name="loginPagelabelTest" time="1.027"/>
  <testcase classname="com.niveus.afya.testcase.LoginPageTest" name="loginTest" time="0.0">
    <ignored/>
  </testcase> <!-- loginTest -->
</testsuite> <!-- Regression -->
