<?xml version="1.0" encoding="UTF-8"?>
<!-- Generated by org.testng.reporters.JUnitXMLReporter -->
<testsuite ignored="2" hostname="niveus-HP-EliteBook-820-G3" failures="0" tests="1" name="Regression" time="13.846" errors="0" timestamp="2021-10-19T20:55:18 IST">
  <testcase classname="com.niveus.afya.testcase.LoginPageTest" name="loginPageTitleTest" time="2.076"/>
  <testcase classname="com.niveus.afya.testcase.LoginPageTest" name="loginTest" time="0.0">
    <ignored/>
  </testcase> <!-- loginTest -->
  <testcase classname="com.niveus.afya.testcase.LoginPageTest" name="loginPagelabelTest" time="0.0">
    <ignored/>
  </testcase> <!-- loginPagelabelTest -->
</testsuite> <!-- Regression -->
